<?xml version="1.0" encoding="UTF-8"?>
<coverage generated="1698103484263" clover="3.2.0">
  <project timestamp="1698103484263" name="All files">
    <metrics statements="16" coveredstatements="16" conditionals="2" coveredconditionals="2" methods="5" coveredmethods="5" elements="23" coveredelements="23" complexity="0" loc="16" ncloc="16" packages="1" files="1" classes="1"/>
    <file name="Pagination.tsx" path="C:\Users\Juan Viloria\Desktop\LABORATORIA\BOOTCAMP\5to-proyecto\DEV010-movie-challenge-fw\DEV010-movie-challenge-fw\src\components\Pagination\Pagination.tsx">
      <metrics statements="16" coveredstatements="16" conditionals="2" coveredconditionals="2" methods="5" coveredmethods="5"/>
      <line num="2" count="1" type="stmt"/>
      <line num="3" count="1" type="stmt"/>
      <line num="4" count="1" type="stmt"/>
      <line num="5" count="1" type="stmt"/>
      <line num="6" count="1" type="stmt"/>
      <line num="15" count="1" type="stmt"/>
      <line num="19" count="1" type="stmt"/>
      <line num="21" count="1" type="stmt"/>
      <line num="23" count="1" type="stmt"/>
      <line num="25" count="1" type="stmt"/>
      <line num="27" count="1" type="stmt"/>
      <line num="28" count="1" type="stmt"/>
      <line num="31" count="1" type="stmt"/>
      <line num="32" count="1" type="stmt"/>
      <line num="37" count="1" type="stmt"/>
      <line num="63" count="1" type="stmt"/>
    </file>
  </project>
</coverage>
