{"C:\\Users\\Juan Viloria\\Desktop\\LABORATORIA\\BOOTCAMP\\5to-proyecto\\DEV010-movie-challenge-fw\\DEV010-movie-challenge-fw\\src\\components\\Pagination.tsx": {"path":"C:\\Users\\Juan Viloria\\Desktop\\LABORATORIA\\BOOTCAMP\\5to-proyecto\\DEV010-movie-challenge-fw\\DEV010-movie-challenge-fw\\src\\components\\Pagination.tsx","statementMap":{"0":{"start":{"line":2,"column":0},"end":{"line":2,"column":49}},"1":{"start":{"line":3,"column":0},"end":{"line":3,"column":57}},"2":{"start":{"line":4,"column":0},"end":{"line":4,"column":49}},"3":{"start":{"line":5,"column":0},"end":{"line":5,"column":47}},"4":{"start":{"line":6,"column":0},"end":{"line":6,"column":25}},"5":{"start":{"line":15,"column":46},"end":{"line":60,"column":1}},"6":{"start":{"line":19,"column":25},"end":{"line":22,"column":3}},"7":{"start":{"line":21,"column":4},"end":{"line":21,"column":29}},"8":{"start":{"line":23,"column":29},"end":{"line":26,"column":3}},"9":{"start":{"line":25,"column":4},"end":{"line":25,"column":29}},"10":{"start":{"line":27,"column":25},"end":{"line":29,"column":3}},"11":{"start":{"line":28,"column":4},"end":{"line":28,"column":24}},"12":{"start":{"line":31,"column":26},"end":{"line":33,"column":3}},"13":{"start":{"line":32,"column":4},"end":{"line":32,"column":22}},"14":{"start":{"line":37,"column":2},"end":{"line":58,"column":4}},"15":{"start":{"line":63,"column":0},"end":{"line":63,"column":26}}},"fnMap":{"0":{"name":"(anonymous_1)","decl":{"start":{"line":15,"column":46},"end":{"line":15,"column":47}},"loc":{"start":{"line":15,"column":75},"end":{"line":60,"column":1}}},"1":{"name":"(anonymous_2)","decl":{"start":{"line":19,"column":25},"end":{"line":19,"column":28}},"loc":{"start":{"line":19,"column":30},"end":{"line":22,"column":3}}},"2":{"name":"(anonymous_3)","decl":{"start":{"line":23,"column":29},"end":{"line":23,"column":32}},"loc":{"start":{"line":23,"column":34},"end":{"line":26,"column":3}}},"3":{"name":"(anonymous_4)","decl":{"start":{"line":27,"column":25},"end":{"line":27,"column":28}},"loc":{"start":{"line":27,"column":30},"end":{"line":29,"column":3}}},"4":{"name":"(anonymous_5)","decl":{"start":{"line":31,"column":26},"end":{"line":31,"column":29}},"loc":{"start":{"line":31,"column":31},"end":{"line":33,"column":3}}}},"branchMap":{"0":{"loc":{"start":{"line":41,"column":9},"end":{"line":49,"column":null}},"type":"binary-expr","locations":[{"start":{"line":41,"column":9},"end":{"line":41,"column":17}},{"start":{"line":42,"column":10},"end":{"line":48,"column":null}}]}},"s":{"0":1,"1":1,"2":1,"3":1,"4":1,"5":1,"6":0,"7":0,"8":0,"9":0,"10":0,"11":0,"12":0,"13":0,"14":0,"15":1},"f":{"0":0,"1":0,"2":0,"3":0,"4":0},"b":{"0":[0,0]}}
,"C:\\Users\\Juan Viloria\\Desktop\\LABORATORIA\\BOOTCAMP\\5to-proyecto\\DEV010-movie-challenge-fw\\DEV010-movie-challenge-fw\\src\\components\\MovieList\\MovieList.tsx": {"path":"C:\\Users\\Juan Viloria\\Desktop\\LABORATORIA\\BOOTCAMP\\5to-proyecto\\DEV010-movie-challenge-fw\\DEV010-movie-challenge-fw\\src\\components\\MovieList\\MovieList.tsx","statementMap":{"0":{"start":{"line":1,"column":0},"end":{"line":1,"column":44}},"1":{"start":{"line":2,"column":0},"end":{"line":2,"column":95}},"2":{"start":{"line":3,"column":0},"end":{"line":3,"column":26}},"3":{"start":{"line":4,"column":0},"end":{"line":4,"column":39}},"4":{"start":{"line":6,"column":18},"end":{"line":67,"column":1}},"5":{"start":{"line":8,"column":30},"end":{"line":8,"column":51}},"6":{"start":{"line":9,"column":40},"end":{"line":9,"column":51}},"7":{"start":{"line":12,"column":2},"end":{"line":33,"column":20}},"8":{"start":{"line":15,"column":19},"end":{"line":15,"column":48}},"9":{"start":{"line":17,"column":33},"end":{"line":23,"column":6}},"10":{"start":{"line":25,"column":4},"end":{"line":31,"column":9}},"11":{"start":{"line":27,"column":8},"end":{"line":27,"column":32}},"12":{"start":{"line":30,"column":8},"end":{"line":30,"column":39}},"13":{"start":{"line":37,"column":2},"end":{"line":66,"column":4}},"14":{"start":{"line":45,"column":12},"end":{"line":45,"column":null}},"15":{"start":{"line":69,"column":0},"end":{"line":69,"column":25}}},"fnMap":{"0":{"name":"(anonymous_1)","decl":{"start":{"line":6,"column":18},"end":{"line":6,"column":21}},"loc":{"start":{"line":6,"column":23},"end":{"line":67,"column":1}}},"1":{"name":"(anonymous_2)","decl":{"start":{"line":12,"column":12},"end":{"line":12,"column":15}},"loc":{"start":{"line":12,"column":17},"end":{"line":33,"column":3}}},"2":{"name":"(anonymous_3)","decl":{"start":{"line":26,"column":12},"end":{"line":26,"column":13}},"loc":{"start":{"line":26,"column":21},"end":{"line":28,"column":7}}},"3":{"name":"(anonymous_4)","decl":{"start":{"line":29,"column":13},"end":{"line":29,"column":14}},"loc":{"start":{"line":29,"column":23},"end":{"line":31,"column":7}}},"4":{"name":"(anonymous_5)","decl":{"start":{"line":44,"column":22},"end":{"line":44,"column":23}},"loc":{"start":{"line":45,"column":12},"end":{"line":45,"column":null}}}},"branchMap":{},"s":{"0":1,"1":1,"2":1,"3":1,"4":1,"5":0,"6":0,"7":0,"8":0,"9":0,"10":0,"11":0,"12":0,"13":0,"14":0,"15":1},"f":{"0":0,"1":0,"2":0,"3":0,"4":0},"b":{}}
,"C:\\Users\\Juan Viloria\\Desktop\\LABORATORIA\\BOOTCAMP\\5to-proyecto\\DEV010-movie-challenge-fw\\DEV010-movie-challenge-fw\\src\\requests\\moviesRequest.ts": {"path":"C:\\Users\\Juan Viloria\\Desktop\\LABORATORIA\\BOOTCAMP\\5to-proyecto\\DEV010-movie-challenge-fw\\DEV010-movie-challenge-fw\\src\\requests\\moviesRequest.ts","statementMap":{"0":{"start":{"line":22,"column":13},"end":{"line":22,"column":244}},"1":{"start":{"line":25,"column":32},"end":{"line":27,"column":1}},"2":{"start":{"line":26,"column":2},"end":{"line":26,"column":162}},"3":{"start":{"line":25,"column":13},"end":{"line":25,"column":32}},"4":{"start":{"line":30,"column":29},"end":{"line":44,"column":1}},"5":{"start":{"line":31,"column":2},"end":{"line":43,"column":7}},"6":{"start":{"line":33,"column":6},"end":{"line":35,"column":null}},"7":{"start":{"line":34,"column":8},"end":{"line":34,"column":61}},"8":{"start":{"line":37,"column":19},"end":{"line":37,"column":35}},"9":{"start":{"line":38,"column":6},"end":{"line":38,"column":33}},"10":{"start":{"line":41,"column":6},"end":{"line":41,"column":37}},"11":{"start":{"line":42,"column":6},"end":{"line":42,"column":18}},"12":{"start":{"line":30,"column":13},"end":{"line":30,"column":29}}},"fnMap":{"0":{"name":"(anonymous_0)","decl":{"start":{"line":25,"column":32},"end":{"line":25,"column":33}},"loc":{"start":{"line":25,"column":49},"end":{"line":27,"column":1}}},"1":{"name":"(anonymous_1)","decl":{"start":{"line":30,"column":29},"end":{"line":30,"column":30}},"loc":{"start":{"line":30,"column":88},"end":{"line":44,"column":1}}},"2":{"name":"(anonymous_2)","decl":{"start":{"line":32,"column":10},"end":{"line":32,"column":15}},"loc":{"start":{"line":32,"column":24},"end":{"line":39,"column":5}}},"3":{"name":"(anonymous_3)","decl":{"start":{"line":40,"column":11},"end":{"line":40,"column":12}},"loc":{"start":{"line":40,"column":21},"end":{"line":43,"column":5}}}},"branchMap":{"0":{"loc":{"start":{"line":33,"column":6},"end":{"line":35,"column":null}},"type":"if","locations":[{"start":{"line":33,"column":6},"end":{"line":35,"column":null}}]}},"s":{"0":1,"1":1,"2":0,"3":1,"4":1,"5":0,"6":0,"7":0,"8":0,"9":0,"10":0,"11":0,"12":1},"f":{"0":0,"1":0,"2":0,"3":0},"b":{"0":[0]}}
}
