TN:
SF:src\components\Pagination.tsx
FN:15,(anonymous_0)
FN:19,(anonymous_1)
FN:23,(anonymous_2)
FN:27,(anonymous_3)
FN:31,(anonymous_4)
FNF:5
FNH:1
FNDA:2,(anonymous_0)
FNDA:0,(anonymous_1)
FNDA:0,(anonymous_2)
FNDA:0,(anonymous_3)
FNDA:0,(anonymous_4)
DA:2,1
DA:3,1
DA:4,1
DA:5,1
DA:6,1
DA:15,1
DA:19,2
DA:21,0
DA:23,2
DA:25,0
DA:27,2
DA:28,0
DA:31,2
DA:32,0
DA:37,2
DA:63,1
LF:16
LH:12
BRDA:41,0,0,2
BRDA:41,0,1,0
BRF:2
BRH:1
end_of_record
TN:
SF:src\components\MovieList\MovieList.tsx
FN:6,(anonymous_0)
FN:12,(anonymous_1)
FN:26,(anonymous_2)
FN:29,(anonymous_3)
FN:44,(anonymous_4)
FNF:5
FNH:2
FNDA:3,(anonymous_0)
FNDA:2,(anonymous_1)
FNDA:0,(anonymous_2)
FNDA:0,(anonymous_3)
FNDA:0,(anonymous_4)
DA:1,1
DA:2,1
DA:3,1
DA:4,1
DA:6,1
DA:8,3
DA:9,2
DA:12,2
DA:15,2
DA:17,2
DA:25,2
DA:27,0
DA:30,0
DA:37,2
DA:45,0
DA:69,1
LF:16
LH:13
BRF:0
BRH:0
end_of_record
TN:
SF:src\requests\moviesRequest.ts
FN:25,(anonymous_0)
FN:30,(anonymous_1)
FN:32,(anonymous_2)
FN:40,(anonymous_3)
FNF:4
FNH:2
FNDA:2,(anonymous_0)
FNDA:2,(anonymous_1)
FNDA:0,(anonymous_2)
FNDA:0,(anonymous_3)
DA:22,1
DA:25,1
DA:26,2
DA:30,1
DA:31,2
DA:33,0
DA:34,0
DA:37,0
DA:38,0
DA:41,0
DA:42,0
LF:11
LH:5
BRDA:33,0,0,0
BRF:1
BRH:0
end_of_record
