<?xml version="1.0" encoding="UTF-8"?>
<coverage generated="1699303757950" clover="3.2.0">
  <project timestamp="1699303757950" name="All files">
    <metrics statements="76" coveredstatements="74" conditionals="7" coveredconditionals="6" methods="19" coveredmethods="17" elements="102" coveredelements="97" complexity="0" loc="76" ncloc="76" packages="5" files="5" classes="5"/>
    <package name="MovieFilter">
      <metrics statements="9" coveredstatements="9" conditionals="0" coveredconditionals="0" methods="2" coveredmethods="2"/>
      <file name="MovieFilter.tsx" path="C:\Users\Viloria Pedraza\Desktop\LABORATORIA\proyecto-5\DEV010-movie-challenge-fw\src\components\MovieFilter\MovieFilter.tsx">
        <metrics statements="9" coveredstatements="9" conditionals="0" coveredconditionals="0" methods="2" coveredmethods="2"/>
        <line num="1" count="1" type="stmt"/>
        <line num="7" count="1" type="stmt"/>
        <line num="8" count="2" type="stmt"/>
        <line num="10" count="2" type="stmt"/>
        <line num="11" count="1" type="stmt"/>
        <line num="12" count="1" type="stmt"/>
        <line num="13" count="1" type="stmt"/>
        <line num="17" count="2" type="stmt"/>
        <line num="35" count="1" type="stmt"/>
      </file>
    </package>
    <package name="MovieList">
      <metrics statements="20" coveredstatements="19" conditionals="2" coveredconditionals="2" methods="5" coveredmethods="4"/>
      <file name="MovieList.tsx" path="C:\Users\Viloria Pedraza\Desktop\LABORATORIA\proyecto-5\DEV010-movie-challenge-fw\src\components\MovieList\MovieList.tsx">
        <metrics statements="20" coveredstatements="19" conditionals="2" coveredconditionals="2" methods="5" coveredmethods="4"/>
        <line num="1" count="1" type="stmt"/>
        <line num="2" count="1" type="stmt"/>
        <line num="3" count="1" type="stmt"/>
        <line num="4" count="1" type="stmt"/>
        <line num="5" count="1" type="stmt"/>
        <line num="13" count="1" type="stmt"/>
        <line num="16" count="2" type="stmt"/>
        <line num="17" count="2" type="stmt"/>
        <line num="20" count="2" type="stmt"/>
        <line num="21" count="1" type="stmt"/>
        <line num="22" count="1" type="stmt"/>
        <line num="25" count="1" type="stmt"/>
        <line num="27" count="1" type="stmt"/>
        <line num="36" count="1" type="stmt"/>
        <line num="38" count="1" type="stmt"/>
        <line num="39" count="1" type="stmt"/>
        <line num="42" count="0" type="stmt"/>
        <line num="48" count="2" type="stmt"/>
        <line num="56" count="20" type="stmt"/>
        <line num="81" count="1" type="stmt"/>
      </file>
    </package>
    <package name="MoviePage">
      <metrics statements="22" coveredstatements="21" conditionals="3" coveredconditionals="2" methods="5" coveredmethods="4"/>
      <file name="MoviePage.tsx" path="C:\Users\Viloria Pedraza\Desktop\LABORATORIA\proyecto-5\DEV010-movie-challenge-fw\src\components\MoviePage\MoviePage.tsx">
        <metrics statements="22" coveredstatements="21" conditionals="3" coveredconditionals="2" methods="5" coveredmethods="4"/>
        <line num="1" count="1" type="stmt"/>
        <line num="2" count="1" type="stmt"/>
        <line num="3" count="1" type="stmt"/>
        <line num="4" count="1" type="stmt"/>
        <line num="5" count="1" type="stmt"/>
        <line num="6" count="1" type="stmt"/>
        <line num="7" count="1" type="stmt"/>
        <line num="10" count="1" type="stmt"/>
        <line num="11" count="2" type="stmt"/>
        <line num="12" count="2" type="stmt"/>
        <line num="14" count="2" type="stmt"/>
        <line num="16" count="1" type="stmt"/>
        <line num="24" count="1" type="stmt"/>
        <line num="25" count="1" type="stmt"/>
        <line num="27" count="1" type="stmt"/>
        <line num="28" count="1" type="stmt"/>
        <line num="31" count="0" type="stmt"/>
        <line num="37" count="2" type="cond" truecount="1" falsecount="0"/>
        <line num="38" count="1" type="stmt"/>
        <line num="39" count="1" type="stmt"/>
        <line num="42" count="1" type="stmt"/>
        <line num="84" count="1" type="stmt"/>
      </file>
    </package>
    <package name="Pagination">
      <metrics statements="16" coveredstatements="16" conditionals="2" coveredconditionals="2" methods="5" coveredmethods="5"/>
      <file name="Pagination.tsx" path="C:\Users\Viloria Pedraza\Desktop\LABORATORIA\proyecto-5\DEV010-movie-challenge-fw\src\components\Pagination\Pagination.tsx">
        <metrics statements="16" coveredstatements="16" conditionals="2" coveredconditionals="2" methods="5" coveredmethods="5"/>
        <line num="2" count="2" type="stmt"/>
        <line num="3" count="2" type="stmt"/>
        <line num="4" count="2" type="stmt"/>
        <line num="5" count="2" type="stmt"/>
        <line num="6" count="2" type="stmt"/>
        <line num="15" count="2" type="stmt"/>
        <line num="19" count="3" type="stmt"/>
        <line num="21" count="1" type="stmt"/>
        <line num="23" count="3" type="stmt"/>
        <line num="25" count="1" type="stmt"/>
        <line num="27" count="3" type="stmt"/>
        <line num="28" count="1" type="stmt"/>
        <line num="31" count="3" type="stmt"/>
        <line num="32" count="1" type="stmt"/>
        <line num="37" count="3" type="stmt"/>
        <line num="63" count="2" type="stmt"/>
      </file>
    </package>
    <package name="SortBy">
      <metrics statements="9" coveredstatements="9" conditionals="0" coveredconditionals="0" methods="2" coveredmethods="2"/>
      <file name="SortBy.tsx" path="C:\Users\Viloria Pedraza\Desktop\LABORATORIA\proyecto-5\DEV010-movie-challenge-fw\src\components\SortBy\SortBy.tsx">
        <metrics statements="9" coveredstatements="9" conditionals="0" coveredconditionals="0" methods="2" coveredmethods="2"/>
        <line num="1" count="1" type="stmt"/>
        <line num="8" count="1" type="stmt"/>
        <line num="9" count="2" type="stmt"/>
        <line num="11" count="2" type="stmt"/>
        <line num="12" count="1" type="stmt"/>
        <line num="13" count="1" type="stmt"/>
        <line num="14" count="1" type="stmt"/>
        <line num="19" count="2" type="stmt"/>
        <line num="34" count="1" type="stmt"/>
      </file>
    </package>
  </project>
</coverage>
