{"C:\\Users\\Viloria Pedraza\\Desktop\\LABORATORIA\\proyecto-5\\DEV010-movie-challenge-fw\\DEV010-movie-challenge-fw\\src\\components\\MovieList\\MovieList.tsx": {"path":"C:\\Users\\Viloria Pedraza\\Desktop\\LABORATORIA\\proyecto-5\\DEV010-movie-challenge-fw\\DEV010-movie-challenge-fw\\src\\components\\MovieList\\MovieList.tsx","statementMap":{"0":{"start":{"line":1,"column":0},"end":{"line":1,"column":44}},"1":{"start":{"line":2,"column":0},"end":{"line":2,"column":95}},"2":{"start":{"line":3,"column":0},"end":{"line":3,"column":26}},"3":{"start":{"line":4,"column":0},"end":{"line":4,"column":50}},"4":{"start":{"line":6,"column":18},"end":{"line":69,"column":1}},"5":{"start":{"line":8,"column":30},"end":{"line":8,"column":51}},"6":{"start":{"line":9,"column":40},"end":{"line":9,"column":51}},"7":{"start":{"line":14,"column":2},"end":{"line":35,"column":36}},"8":{"start":{"line":17,"column":19},"end":{"line":17,"column":64}},"9":{"start":{"line":19,"column":33},"end":{"line":25,"column":6}},"10":{"start":{"line":27,"column":4},"end":{"line":33,"column":9}},"11":{"start":{"line":29,"column":8},"end":{"line":29,"column":32}},"12":{"start":{"line":32,"column":8},"end":{"line":32,"column":39}},"13":{"start":{"line":39,"column":2},"end":{"line":68,"column":4}},"14":{"start":{"line":47,"column":12},"end":{"line":47,"column":null}},"15":{"start":{"line":71,"column":0},"end":{"line":71,"column":25}}},"fnMap":{"0":{"name":"(anonymous_1)","decl":{"start":{"line":6,"column":18},"end":{"line":6,"column":19}},"loc":{"start":{"line":6,"column":70},"end":{"line":69,"column":1}}},"1":{"name":"(anonymous_2)","decl":{"start":{"line":14,"column":12},"end":{"line":14,"column":15}},"loc":{"start":{"line":14,"column":17},"end":{"line":35,"column":3}}},"2":{"name":"(anonymous_3)","decl":{"start":{"line":28,"column":12},"end":{"line":28,"column":13}},"loc":{"start":{"line":28,"column":21},"end":{"line":30,"column":7}}},"3":{"name":"(anonymous_4)","decl":{"start":{"line":31,"column":13},"end":{"line":31,"column":14}},"loc":{"start":{"line":31,"column":23},"end":{"line":33,"column":7}}},"4":{"name":"(anonymous_5)","decl":{"start":{"line":46,"column":22},"end":{"line":46,"column":23}},"loc":{"start":{"line":47,"column":12},"end":{"line":47,"column":null}}}},"branchMap":{},"s":{"0":1,"1":1,"2":1,"3":1,"4":1,"5":2,"6":2,"7":2,"8":1,"9":1,"10":1,"11":1,"12":0,"13":2,"14":1,"15":1},"f":{"0":2,"1":1,"2":1,"3":0,"4":1},"b":{}}
,"C:\\Users\\Viloria Pedraza\\Desktop\\LABORATORIA\\proyecto-5\\DEV010-movie-challenge-fw\\DEV010-movie-challenge-fw\\src\\components\\Pagination\\Pagination.tsx": {"path":"C:\\Users\\Viloria Pedraza\\Desktop\\LABORATORIA\\proyecto-5\\DEV010-movie-challenge-fw\\DEV010-movie-challenge-fw\\src\\components\\Pagination\\Pagination.tsx","statementMap":{"0":{"start":{"line":2,"column":0},"end":{"line":2,"column":52}},"1":{"start":{"line":3,"column":0},"end":{"line":3,"column":60}},"2":{"start":{"line":4,"column":0},"end":{"line":4,"column":52}},"3":{"start":{"line":5,"column":0},"end":{"line":5,"column":50}},"4":{"start":{"line":6,"column":0},"end":{"line":6,"column":26}},"5":{"start":{"line":15,"column":46},"end":{"line":60,"column":1}},"6":{"start":{"line":19,"column":25},"end":{"line":22,"column":3}},"7":{"start":{"line":21,"column":4},"end":{"line":21,"column":29}},"8":{"start":{"line":23,"column":29},"end":{"line":26,"column":3}},"9":{"start":{"line":25,"column":4},"end":{"line":25,"column":29}},"10":{"start":{"line":27,"column":25},"end":{"line":29,"column":3}},"11":{"start":{"line":28,"column":4},"end":{"line":28,"column":24}},"12":{"start":{"line":31,"column":26},"end":{"line":33,"column":3}},"13":{"start":{"line":32,"column":4},"end":{"line":32,"column":22}},"14":{"start":{"line":37,"column":2},"end":{"line":58,"column":4}},"15":{"start":{"line":63,"column":0},"end":{"line":63,"column":26}}},"fnMap":{"0":{"name":"(anonymous_1)","decl":{"start":{"line":15,"column":46},"end":{"line":15,"column":47}},"loc":{"start":{"line":15,"column":75},"end":{"line":60,"column":1}}},"1":{"name":"(anonymous_2)","decl":{"start":{"line":19,"column":25},"end":{"line":19,"column":28}},"loc":{"start":{"line":19,"column":30},"end":{"line":22,"column":3}}},"2":{"name":"(anonymous_3)","decl":{"start":{"line":23,"column":29},"end":{"line":23,"column":32}},"loc":{"start":{"line":23,"column":34},"end":{"line":26,"column":3}}},"3":{"name":"(anonymous_4)","decl":{"start":{"line":27,"column":25},"end":{"line":27,"column":28}},"loc":{"start":{"line":27,"column":30},"end":{"line":29,"column":3}}},"4":{"name":"(anonymous_5)","decl":{"start":{"line":31,"column":26},"end":{"line":31,"column":29}},"loc":{"start":{"line":31,"column":31},"end":{"line":33,"column":3}}}},"branchMap":{"0":{"loc":{"start":{"line":41,"column":9},"end":{"line":49,"column":null}},"type":"binary-expr","locations":[{"start":{"line":41,"column":9},"end":{"line":41,"column":17}},{"start":{"line":42,"column":10},"end":{"line":48,"column":null}}]}},"s":{"0":2,"1":2,"2":2,"3":2,"4":2,"5":2,"6":3,"7":1,"8":3,"9":1,"10":3,"11":1,"12":3,"13":1,"14":3,"15":2},"f":{"0":3,"1":1,"2":1,"3":1,"4":1},"b":{"0":[3,1]}}
}
