{"C:\\Users\\Viloria Pedraza\\Desktop\\LABORATORIA\\proyecto-5\\DEV010-movie-challenge-fw\\src\\components\\Footer\\Footer.tsx": {"path":"C:\\Users\\Viloria Pedraza\\Desktop\\LABORATORIA\\proyecto-5\\DEV010-movie-challenge-fw\\src\\components\\Footer\\Footer.tsx","statementMap":{"0":{"start":{"line":4,"column":1},"end":{"line":10,"column":null}},"1":{"start":{"line":3,"column":0},"end":{"line":3,"column":24}}},"fnMap":{"0":{"name":"Footer","decl":{"start":{"line":3,"column":24},"end":{"line":3,"column":30}},"loc":{"start":{"line":3,"column":30},"end":{"line":11,"column":1}}}},"branchMap":{},"s":{"0":2,"1":1},"f":{"0":2},"b":{}}
,"C:\\Users\\Viloria Pedraza\\Desktop\\LABORATORIA\\proyecto-5\\DEV010-movie-challenge-fw\\src\\components\\MovieFilter\\MovieFilter.tsx": {"path":"C:\\Users\\Viloria Pedraza\\Desktop\\LABORATORIA\\proyecto-5\\DEV010-movie-challenge-fw\\src\\components\\MovieFilter\\MovieFilter.tsx","statementMap":{"0":{"start":{"line":1,"column":0},"end":{"line":1,"column":33}},"1":{"start":{"line":8,"column":48},"end":{"line":38,"column":1}},"2":{"start":{"line":9,"column":44},"end":{"line":9,"column":56}},"3":{"start":{"line":12,"column":31},"end":{"line":21,"column":3}},"4":{"start":{"line":13,"column":32},"end":{"line":13,"column":50}},"5":{"start":{"line":16,"column":4},"end":{"line":16,"column":42}},"6":{"start":{"line":18,"column":4},"end":{"line":18,"column":42}},"7":{"start":{"line":22,"column":2},"end":{"line":37,"column":4}},"8":{"start":{"line":40,"column":0},"end":{"line":40,"column":27}}},"fnMap":{"0":{"name":"(anonymous_0)","decl":{"start":{"line":8,"column":48},"end":{"line":8,"column":49}},"loc":{"start":{"line":8,"column":72},"end":{"line":38,"column":1}}},"1":{"name":"(anonymous_1)","decl":{"start":{"line":12,"column":31},"end":{"line":12,"column":32}},"loc":{"start":{"line":12,"column":78},"end":{"line":21,"column":3}}}},"branchMap":{},"s":{"0":1,"1":1,"2":2,"3":2,"4":1,"5":1,"6":1,"7":2,"8":1},"f":{"0":2,"1":1},"b":{}}
,"C:\\Users\\Viloria Pedraza\\Desktop\\LABORATORIA\\proyecto-5\\DEV010-movie-challenge-fw\\src\\components\\MovieList\\MovieList.tsx": {"path":"C:\\Users\\Viloria Pedraza\\Desktop\\LABORATORIA\\proyecto-5\\DEV010-movie-challenge-fw\\src\\components\\MovieList\\MovieList.tsx","statementMap":{"0":{"start":{"line":1,"column":0},"end":{"line":1,"column":51}},"1":{"start":{"line":2,"column":0},"end":{"line":2,"column":95}},"2":{"start":{"line":3,"column":0},"end":{"line":3,"column":26}},"3":{"start":{"line":4,"column":0},"end":{"line":4,"column":50}},"4":{"start":{"line":5,"column":0},"end":{"line":5,"column":40}},"5":{"start":{"line":6,"column":0},"end":{"line":6,"column":38}},"6":{"start":{"line":16,"column":44},"end":{"line":86,"column":1}},"7":{"start":{"line":19,"column":30},"end":{"line":19,"column":51}},"8":{"start":{"line":20,"column":40},"end":{"line":20,"column":51}},"9":{"start":{"line":23,"column":2},"end":{"line":48,"column":48}},"10":{"start":{"line":24,"column":4},"end":{"line":24,"column":49}},"11":{"start":{"line":25,"column":4},"end":{"line":25,"column":45}},"12":{"start":{"line":28,"column":19},"end":{"line":28,"column":76}},"13":{"start":{"line":30,"column":33},"end":{"line":37,"column":6}},"14":{"start":{"line":39,"column":4},"end":{"line":46,"column":9}},"15":{"start":{"line":41,"column":8},"end":{"line":41,"column":32}},"16":{"start":{"line":42,"column":8},"end":{"line":42,"column":34}},"17":{"start":{"line":45,"column":8},"end":{"line":45,"column":39}},"18":{"start":{"line":51,"column":2},"end":{"line":85,"column":4}},"19":{"start":{"line":59,"column":12},"end":{"line":59,"column":null}},"20":{"start":{"line":88,"column":0},"end":{"line":88,"column":25}}},"fnMap":{"0":{"name":"(anonymous_1)","decl":{"start":{"line":16,"column":44},"end":{"line":16,"column":45}},"loc":{"start":{"line":16,"column":79},"end":{"line":86,"column":1}}},"1":{"name":"(anonymous_2)","decl":{"start":{"line":23,"column":12},"end":{"line":23,"column":15}},"loc":{"start":{"line":23,"column":17},"end":{"line":48,"column":3}}},"2":{"name":"(anonymous_3)","decl":{"start":{"line":40,"column":12},"end":{"line":40,"column":13}},"loc":{"start":{"line":40,"column":21},"end":{"line":43,"column":7}}},"3":{"name":"(anonymous_4)","decl":{"start":{"line":44,"column":13},"end":{"line":44,"column":14}},"loc":{"start":{"line":44,"column":23},"end":{"line":46,"column":7}}},"4":{"name":"(anonymous_5)","decl":{"start":{"line":58,"column":22},"end":{"line":58,"column":23}},"loc":{"start":{"line":59,"column":12},"end":{"line":59,"column":null}}}},"branchMap":{"0":{"loc":{"start":{"line":64,"column":20},"end":{"line":66,"column":50}},"type":"cond-expr","locations":[{"start":{"line":65,"column":24},"end":{"line":65,"column":78}},{"start":{"line":66,"column":24},"end":{"line":66,"column":50}}]}},"s":{"0":1,"1":1,"2":1,"3":1,"4":1,"5":1,"6":1,"7":2,"8":2,"9":2,"10":1,"11":1,"12":1,"13":1,"14":1,"15":1,"16":1,"17":0,"18":2,"19":20,"20":1},"f":{"0":2,"1":1,"2":1,"3":0,"4":20},"b":{"0":[19,1]}}
,"C:\\Users\\Viloria Pedraza\\Desktop\\LABORATORIA\\proyecto-5\\DEV010-movie-challenge-fw\\src\\components\\MoviePage\\MoviePage.tsx": {"path":"C:\\Users\\Viloria Pedraza\\Desktop\\LABORATORIA\\proyecto-5\\DEV010-movie-challenge-fw\\src\\components\\MoviePage\\MoviePage.tsx","statementMap":{"0":{"start":{"line":1,"column":0},"end":{"line":1,"column":44}},"1":{"start":{"line":2,"column":0},"end":{"line":2,"column":60}},"2":{"start":{"line":3,"column":0},"end":{"line":3,"column":45}},"3":{"start":{"line":4,"column":0},"end":{"line":4,"column":62}},"4":{"start":{"line":5,"column":0},"end":{"line":5,"column":40}},"5":{"start":{"line":6,"column":0},"end":{"line":6,"column":36}},"6":{"start":{"line":7,"column":0},"end":{"line":7,"column":77}},"7":{"start":{"line":10,"column":18},"end":{"line":82,"column":1}},"8":{"start":{"line":11,"column":22},"end":{"line":11,"column":33}},"9":{"start":{"line":12,"column":28},"end":{"line":12,"column":56}},"10":{"start":{"line":14,"column":2},"end":{"line":33,"column":16}},"11":{"start":{"line":16,"column":33},"end":{"line":22,"column":6}},"12":{"start":{"line":24,"column":4},"end":{"line":32,"column":9}},"13":{"start":{"line":25,"column":26},"end":{"line":25,"column":41}},"14":{"start":{"line":27,"column":8},"end":{"line":27,"column":23}},"15":{"start":{"line":28,"column":8},"end":{"line":28,"column":26}},"16":{"start":{"line":31,"column":8},"end":{"line":31,"column":39}},"17":{"start":{"line":37,"column":2},"end":{"line":41,"column":null}},"18":{"start":{"line":38,"column":4},"end":{"line":38,"column":28}},"19":{"start":{"line":39,"column":4},"end":{"line":39,"column":69}},"20":{"start":{"line":42,"column":2},"end":{"line":81,"column":4}},"21":{"start":{"line":84,"column":0},"end":{"line":84,"column":25}}},"fnMap":{"0":{"name":"(anonymous_1)","decl":{"start":{"line":10,"column":18},"end":{"line":10,"column":21}},"loc":{"start":{"line":10,"column":23},"end":{"line":82,"column":1}}},"1":{"name":"(anonymous_2)","decl":{"start":{"line":14,"column":12},"end":{"line":14,"column":15}},"loc":{"start":{"line":14,"column":17},"end":{"line":33,"column":3}}},"2":{"name":"(anonymous_3)","decl":{"start":{"line":25,"column":12},"end":{"line":25,"column":13}},"loc":{"start":{"line":25,"column":26},"end":{"line":25,"column":41}}},"3":{"name":"(anonymous_4)","decl":{"start":{"line":26,"column":12},"end":{"line":26,"column":13}},"loc":{"start":{"line":26,"column":21},"end":{"line":29,"column":7}}},"4":{"name":"(anonymous_5)","decl":{"start":{"line":30,"column":13},"end":{"line":30,"column":14}},"loc":{"start":{"line":30,"column":23},"end":{"line":32,"column":7}}}},"branchMap":{"0":{"loc":{"start":{"line":37,"column":2},"end":{"line":41,"column":null}},"type":"if","locations":[{"start":{"line":37,"column":2},"end":{"line":41,"column":null}}]},"1":{"loc":{"start":{"line":63,"column":9},"end":{"line":66,"column":null}},"type":"cond-expr","locations":[{"start":{"line":64,"column":10},"end":{"line":64,"column":54}},{"start":{"line":66,"column":10},"end":{"line":66,"column":58}}]}},"s":{"0":1,"1":1,"2":1,"3":1,"4":1,"5":1,"6":1,"7":1,"8":4,"9":4,"10":4,"11":2,"12":2,"13":2,"14":2,"15":2,"16":0,"17":4,"18":2,"19":2,"20":2,"21":1},"f":{"0":4,"1":2,"2":2,"3":2,"4":0},"b":{"0":[2],"1":[1,1]}}
,"C:\\Users\\Viloria Pedraza\\Desktop\\LABORATORIA\\proyecto-5\\DEV010-movie-challenge-fw\\src\\components\\Pagination\\Pagination.tsx": {"path":"C:\\Users\\Viloria Pedraza\\Desktop\\LABORATORIA\\proyecto-5\\DEV010-movie-challenge-fw\\src\\components\\Pagination\\Pagination.tsx","statementMap":{"0":{"start":{"line":2,"column":0},"end":{"line":2,"column":52}},"1":{"start":{"line":3,"column":0},"end":{"line":3,"column":60}},"2":{"start":{"line":4,"column":0},"end":{"line":4,"column":52}},"3":{"start":{"line":5,"column":0},"end":{"line":5,"column":50}},"4":{"start":{"line":6,"column":0},"end":{"line":6,"column":26}},"5":{"start":{"line":14,"column":46},"end":{"line":59,"column":1}},"6":{"start":{"line":18,"column":25},"end":{"line":21,"column":3}},"7":{"start":{"line":20,"column":4},"end":{"line":20,"column":36}},"8":{"start":{"line":22,"column":29},"end":{"line":25,"column":3}},"9":{"start":{"line":24,"column":4},"end":{"line":24,"column":36}},"10":{"start":{"line":26,"column":25},"end":{"line":28,"column":3}},"11":{"start":{"line":27,"column":4},"end":{"line":27,"column":24}},"12":{"start":{"line":30,"column":26},"end":{"line":32,"column":3}},"13":{"start":{"line":31,"column":4},"end":{"line":31,"column":22}},"14":{"start":{"line":36,"column":2},"end":{"line":57,"column":4}},"15":{"start":{"line":62,"column":0},"end":{"line":62,"column":26}}},"fnMap":{"0":{"name":"(anonymous_1)","decl":{"start":{"line":14,"column":46},"end":{"line":14,"column":47}},"loc":{"start":{"line":14,"column":82},"end":{"line":59,"column":1}}},"1":{"name":"(anonymous_2)","decl":{"start":{"line":18,"column":25},"end":{"line":18,"column":28}},"loc":{"start":{"line":18,"column":30},"end":{"line":21,"column":3}}},"2":{"name":"(anonymous_3)","decl":{"start":{"line":22,"column":29},"end":{"line":22,"column":32}},"loc":{"start":{"line":22,"column":34},"end":{"line":25,"column":3}}},"3":{"name":"(anonymous_4)","decl":{"start":{"line":26,"column":25},"end":{"line":26,"column":28}},"loc":{"start":{"line":26,"column":30},"end":{"line":28,"column":3}}},"4":{"name":"(anonymous_5)","decl":{"start":{"line":30,"column":26},"end":{"line":30,"column":29}},"loc":{"start":{"line":30,"column":31},"end":{"line":32,"column":3}}}},"branchMap":{"0":{"loc":{"start":{"line":40,"column":9},"end":{"line":48,"column":null}},"type":"binary-expr","locations":[{"start":{"line":40,"column":9},"end":{"line":40,"column":24}},{"start":{"line":41,"column":10},"end":{"line":47,"column":null}}]}},"s":{"0":2,"1":2,"2":2,"3":2,"4":2,"5":2,"6":3,"7":1,"8":3,"9":1,"10":3,"11":1,"12":3,"13":1,"14":3,"15":2},"f":{"0":3,"1":1,"2":1,"3":1,"4":1},"b":{"0":[3,1]}}
,"C:\\Users\\Viloria Pedraza\\Desktop\\LABORATORIA\\proyecto-5\\DEV010-movie-challenge-fw\\src\\components\\SortBy\\SortBy.tsx": {"path":"C:\\Users\\Viloria Pedraza\\Desktop\\LABORATORIA\\proyecto-5\\DEV010-movie-challenge-fw\\src\\components\\SortBy\\SortBy.tsx","statementMap":{"0":{"start":{"line":1,"column":0},"end":{"line":1,"column":33}},"1":{"start":{"line":8,"column":38},"end":{"line":32,"column":3}},"2":{"start":{"line":9,"column":42},"end":{"line":9,"column":69}},"3":{"start":{"line":11,"column":31},"end":{"line":16,"column":5}},"4":{"start":{"line":12,"column":30},"end":{"line":12,"column":48}},"5":{"start":{"line":13,"column":8},"end":{"line":13,"column":38}},"6":{"start":{"line":14,"column":8},"end":{"line":14,"column":38}},"7":{"start":{"line":19,"column":4},"end":{"line":31,"column":6}},"8":{"start":{"line":34,"column":2},"end":{"line":34,"column":24}}},"fnMap":{"0":{"name":"(anonymous_0)","decl":{"start":{"line":8,"column":38},"end":{"line":8,"column":39}},"loc":{"start":{"line":8,"column":61},"end":{"line":32,"column":3}}},"1":{"name":"(anonymous_1)","decl":{"start":{"line":11,"column":31},"end":{"line":11,"column":32}},"loc":{"start":{"line":11,"column":78},"end":{"line":16,"column":5}}}},"branchMap":{},"s":{"0":1,"1":1,"2":2,"3":2,"4":1,"5":1,"6":1,"7":2,"8":1},"f":{"0":2,"1":1},"b":{}}
}
