TN:
SF:src\components\MovieFilter\MovieFilter.tsx
FN:7,(anonymous_0)
FN:10,(anonymous_1)
FNF:2
FNH:2
FNDA:2,(anonymous_0)
FNDA:1,(anonymous_1)
DA:1,1
DA:7,1
DA:8,2
DA:10,2
DA:11,1
DA:12,1
DA:13,1
DA:17,2
DA:35,1
LF:9
LH:9
BRF:0
BRH:0
end_of_record
TN:
SF:src\components\MovieList\MovieList.tsx
FN:8,(anonymous_1)
FN:19,(anonymous_2)
FN:33,(anonymous_3)
FN:37,(anonymous_4)
FN:52,(anonymous_5)
FNF:5
FNH:4
FNDA:2,(anonymous_1)
FNDA:1,(anonymous_2)
FNDA:1,(anonymous_3)
FNDA:0,(anonymous_4)
FNDA:20,(anonymous_5)
DA:1,1
DA:2,1
DA:3,1
DA:4,1
DA:5,1
DA:8,1
DA:13,2
DA:14,2
DA:19,2
DA:22,1
DA:24,1
DA:32,1
DA:34,1
DA:35,1
DA:38,0
DA:45,2
DA:54,20
DA:79,1
LF:18
LH:17
BRF:0
BRH:0
end_of_record
TN:
SF:src\components\MoviePage\MoviePage.tsx
FN:11,(anonymous_1)
FN:27,(anonymous_2)
FN:37,(anonymous_3)
FN:38,(anonymous_4)
FN:42,(anonymous_5)
FNF:5
FNH:4
FNDA:2,(anonymous_1)
FNDA:1,(anonymous_2)
FNDA:1,(anonymous_3)
FNDA:1,(anonymous_4)
FNDA:0,(anonymous_5)
DA:1,1
DA:2,1
DA:3,1
DA:4,1
DA:5,1
DA:6,1
DA:7,1
DA:11,1
DA:12,2
DA:13,2
DA:27,2
DA:28,1
DA:36,1
DA:37,1
DA:39,1
DA:40,1
DA:43,0
DA:47,2
DA:48,1
DA:49,1
DA:52,1
DA:94,1
LF:22
LH:21
BRDA:47,0,0,1
BRDA:73,1,0,1
BRDA:73,1,1,0
BRF:3
BRH:2
end_of_record
TN:
SF:src\components\Pagination\Pagination.tsx
FN:15,(anonymous_1)
FN:19,(anonymous_2)
FN:23,(anonymous_3)
FN:27,(anonymous_4)
FN:31,(anonymous_5)
FNF:5
FNH:5
FNDA:3,(anonymous_1)
FNDA:1,(anonymous_2)
FNDA:1,(anonymous_3)
FNDA:1,(anonymous_4)
FNDA:1,(anonymous_5)
DA:2,2
DA:3,2
DA:4,2
DA:5,2
DA:6,2
DA:15,2
DA:19,3
DA:21,1
DA:23,3
DA:25,1
DA:27,3
DA:28,1
DA:31,3
DA:32,1
DA:37,3
DA:63,2
LF:16
LH:16
BRDA:41,0,0,3
BRDA:41,0,1,1
BRF:2
BRH:2
end_of_record
TN:
SF:src\components\SortBy\SortBy.tsx
FN:8,(anonymous_0)
FN:11,(anonymous_1)
FNF:2
FNH:2
FNDA:2,(anonymous_0)
FNDA:1,(anonymous_1)
DA:1,1
DA:8,1
DA:9,2
DA:11,2
DA:12,1
DA:13,1
DA:14,1
DA:19,2
DA:34,1
LF:9
LH:9
BRF:0
BRH:0
end_of_record
