TN:
SF:src\components\MovieFilter\MovieFilter.tsx
FN:7,(anonymous_0)
FN:10,(anonymous_1)
FNF:2
FNH:2
FNDA:2,(anonymous_0)
FNDA:1,(anonymous_1)
DA:1,1
DA:7,1
DA:8,2
DA:10,2
DA:11,1
DA:12,1
DA:13,1
DA:14,1
DA:17,2
DA:35,1
LF:10
LH:10
BRF:0
BRH:0
end_of_record
TN:
SF:src\components\MovieList\MovieList.tsx
FN:7,(anonymous_1)
FN:15,(anonymous_2)
FN:29,(anonymous_3)
FN:32,(anonymous_4)
FN:47,(anonymous_5)
FNF:5
FNH:4
FNDA:2,(anonymous_1)
FNDA:1,(anonymous_2)
FNDA:1,(anonymous_3)
FNDA:0,(anonymous_4)
FNDA:1,(anonymous_5)
DA:1,1
DA:2,1
DA:3,1
DA:4,1
DA:7,1
DA:9,2
DA:10,2
DA:15,2
DA:18,1
DA:20,1
DA:28,1
DA:30,1
DA:33,0
DA:40,2
DA:48,1
DA:72,1
LF:16
LH:15
BRF:0
BRH:0
end_of_record
TN:
SF:src\components\Pagination\Pagination.tsx
FN:15,(anonymous_1)
FN:19,(anonymous_2)
FN:23,(anonymous_3)
FN:27,(anonymous_4)
FN:31,(anonymous_5)
FNF:5
FNH:5
FNDA:3,(anonymous_1)
FNDA:1,(anonymous_2)
FNDA:1,(anonymous_3)
FNDA:1,(anonymous_4)
FNDA:1,(anonymous_5)
DA:2,2
DA:3,2
DA:4,2
DA:5,2
DA:6,2
DA:15,2
DA:19,3
DA:21,1
DA:23,3
DA:25,1
DA:27,3
DA:28,1
DA:31,3
DA:32,1
DA:37,3
DA:63,2
LF:16
LH:16
BRDA:41,0,0,3
BRDA:41,0,1,1
BRF:2
BRH:2
end_of_record
TN:
SF:src\components\SortBy\SortBy.tsx
FN:8,(anonymous_0)
FN:11,(anonymous_1)
FNF:2
FNH:2
FNDA:2,(anonymous_0)
FNDA:1,(anonymous_1)
DA:1,1
DA:8,1
DA:9,2
DA:11,2
DA:12,1
DA:13,1
DA:14,1
DA:15,1
DA:19,2
DA:34,1
LF:10
LH:10
BRF:0
BRH:0
end_of_record
